<?xml version="1.0" encoding="UTF-8"?>
<!-- Generated by org.testng.reporters.JUnitReportReporter -->
<testsuite skipped="0" hostname="Home" name="com.qa.crm.testcase.LoginPageTest" tests="2" failures="0" timestamp="17 Jul 2018 19:10:32 GMT" time="30.370" errors="0">
  <testcase name="verifylogo" time="9.785" classname="com.qa.crm.testcase.LoginPageTest"/>
  <testcase name="LoginToHome" time="20.585" classname="com.qa.crm.testcase.LoginPageTest"/>
</testsuite> <!-- com.qa.crm.testcase.LoginPageTest -->
